<?xml version="1.0" encoding="UTF-8"?>
<!-- Generated by org.testng.reporters.JUnitXMLReporter -->
<testsuite ignored="5" hostname="debian" failures="1" tests="1" name="Surefire test" time="4.707" errors="0" timestamp="2025-02-12T23:51:38 EET">
  <testcase classname="demoqa.web.test.widgets.SelectMenuPageTests" name="SelectMultiSelectDropDown" time="0.986">
    <failure type="org.openqa.selenium.NoSuchElementException" message="no such element: Unable to locate element: {&amp;quot;method&amp;quot;:&amp;quot;xpath&amp;quot;,&amp;quot;selector&amp;quot;:&amp;quot;//div[contains(@class, &amp;apos; css-26l3qy-menu&amp;apos;)]//div[text()=&amp;apos;Green&amp;apos;]&amp;quot;}
  (Session info: chrome=133.0.6943.53)
For documentation on this error, please visit: https://www.selenium.dev/documentation/webdriver/troubleshooting/errors#no-such-element-exception
Build info: version: &amp;apos;4.28.1&amp;apos;, revision: &amp;apos;73f5ad48a2&amp;apos;
System info: os.name: &amp;apos;Linux&amp;apos;, os.arch: &amp;apos;amd64&amp;apos;, os.version: &amp;apos;6.1.0-30-amd64&amp;apos;, java.version: &amp;apos;23.0.2&amp;apos;
Driver info: org.openqa.selenium.chrome.ChromeDriver
Command: [5359d219a956b3382956a23aa7b9638d, findElement {value=//div[contains(@class, &amp;apos; css-26l3qy-menu&amp;apos;)]//div[text()=&amp;apos;Green&amp;apos;], using=xpath}]
Capabilities {acceptInsecureCerts: false, browserName: chrome, browserVersion: 133.0.6943.53, chrome: {chromedriverVersion: 133.0.6943.98 (da53563ceb66..., userDataDir: /tmp/.org.chromium.Chromium...}, fedcm:accounts: true, goog:chromeOptions: {debuggerAddress: localhost:35239}, networkConnectionEnabled: false, pageLoadStrategy: normal, platformName: linux, proxy: Proxy(), se:cdp: ws://localhost:35239/devtoo..., se:cdpVersion: 133.0.6943.53, setWindowRect: true, strictFileInteractability: false, timeouts: {implicit: 0, pageLoad: 300000, script: 30000}, unhandledPromptBehavior: dismiss and notify, webauthn:extension:credBlob: true, webauthn:extension:largeBlob: true, webauthn:extension:minPinLength: true, webauthn:extension:prf: true, webauthn:virtualAuthenticators: true}
Session ID: 5359d219a956b3382956a23aa7b9638d">
      <![CDATA[org.openqa.selenium.NoSuchElementException: no such element: Unable to locate element: {"method":"xpath","selector":"//div[contains(@class, ' css-26l3qy-menu')]//div[text()='Green']"}
  (Session info: chrome=133.0.6943.53)
For documentation on this error, please visit: https://www.selenium.dev/documentation/webdriver/troubleshooting/errors#no-such-element-exception
Build info: version: '4.28.1', revision: '73f5ad48a2'
System info: os.name: 'Linux', os.arch: 'amd64', os.version: '6.1.0-30-amd64', java.version: '23.0.2'
Driver info: org.openqa.selenium.chrome.ChromeDriver
Command: [5359d219a956b3382956a23aa7b9638d, findElement {value=//div[contains(@class, ' css-26l3qy-menu')]//div[text()='Green'], using=xpath}]
Capabilities {acceptInsecureCerts: false, browserName: chrome, browserVersion: 133.0.6943.53, chrome: {chromedriverVersion: 133.0.6943.98 (da53563ceb66..., userDataDir: /tmp/.org.chromium.Chromium...}, fedcm:accounts: true, goog:chromeOptions: {debuggerAddress: localhost:35239}, networkConnectionEnabled: false, pageLoadStrategy: normal, platformName: linux, proxy: Proxy(), se:cdp: ws://localhost:35239/devtoo..., se:cdpVersion: 133.0.6943.53, setWindowRect: true, strictFileInteractability: false, timeouts: {implicit: 0, pageLoad: 300000, script: 30000}, unhandledPromptBehavior: dismiss and notify, webauthn:extension:credBlob: true, webauthn:extension:largeBlob: true, webauthn:extension:minPinLength: true, webauthn:extension:prf: true, webauthn:virtualAuthenticators: true}
Session ID: 5359d219a956b3382956a23aa7b9638d
at org.openqa.selenium.remote.ErrorCodec.decode(ErrorCodec.java:167)
at org.openqa.selenium.remote.codec.w3c.W3CHttpResponseCodec.decode(W3CHttpResponseCodec.java:138)
at org.openqa.selenium.remote.codec.w3c.W3CHttpResponseCodec.decode(W3CHttpResponseCodec.java:50)
at org.openqa.selenium.remote.HttpCommandExecutor.execute(HttpCommandExecutor.java:215)
at org.openqa.selenium.remote.service.DriverCommandExecutor.invokeExecute(DriverCommandExecutor.java:216)
at org.openqa.selenium.remote.service.DriverCommandExecutor.execute(DriverCommandExecutor.java:174)
at org.openqa.selenium.remote.RemoteWebDriver.execute(RemoteWebDriver.java:545)
at org.openqa.selenium.remote.ElementLocation$ElementFinder$2.findElement(ElementLocation.java:165)
at org.openqa.selenium.remote.ElementLocation.findElement(ElementLocation.java:59)
at org.openqa.selenium.remote.RemoteWebDriver.findElement(RemoteWebDriver.java:368)
at org.openqa.selenium.remote.RemoteWebDriver.findElement(RemoteWebDriver.java:362)
at demoqa.web.test.widgets.SelectMenuPageTests.SelectMultiSelectDropDown(SelectMenuPageTests.java:147)
at java.base/java.util.ArrayList.forEach(ArrayList.java:1597)
... Removed 33 stack frames]]>
    </failure>
  </testcase> <!-- SelectMultiSelectDropDown -->
  <testcase classname="demoqa.web.test.widgets.SelectMenuPageTests" name="SelectAllValuesFromSelectOne" time="0.0">
    <ignored/>
  </testcase> <!-- SelectAllValuesFromSelectOne -->
  <testcase classname="demoqa.web.test.widgets.SelectMenuPageTests" name="SelectAllValuesFromStandardMultiSelect" time="0.0">
    <ignored/>
  </testcase> <!-- SelectAllValuesFromStandardMultiSelect -->
  <testcase classname="demoqa.web.test.widgets.SelectMenuPageTests" name="SelectAllValuesFromSelectValue" time="0.0">
    <ignored/>
  </testcase> <!-- SelectAllValuesFromSelectValue -->
  <testcase classname="demoqa.web.test.widgets.SelectMenuPageTests" name="VerifyAllTextOnPage" time="0.0">
    <ignored/>
  </testcase> <!-- VerifyAllTextOnPage -->
  <testcase classname="demoqa.web.test.widgets.SelectMenuPageTests" name="SelectAllValuesFromOldStyleSelectMenu" time="0.0">
    <ignored/>
  </testcase> <!-- SelectAllValuesFromOldStyleSelectMenu -->
</testsuite> <!-- Surefire test -->
